devtype ddm w1b1,w1i1,w1i1,w1i1,w1i1,w1i1,w1i1,w1i1,w1d1,w1i1,w1i1,w1t1000,w1b1,w1b1,w1i1,w1b1,w1b1,w1d1,w1i1,w1i1,w1d1,w1d1,w1i1 {
icrunmode 0
linrunmode 1
nshots 2
clockSrc 3
eshots 4
modedelay 5
particles 6
pshots 7
injected 8
injecting 9
preparing2inject 10
stateMsg 11
autorun 12
extract 13
linrun 14
stop 15
nround 16
extracted 17
extracting 18
preparing2extract 19
extbeamcurrent 20
lowbeamcurrent 21
state 22
}

devtype beam_dcct w1d1,w1d1,w1d1,w1d1,w1d1,w1d1,w1i1,w1d1,w1i1 {
beamcurrent 0
storagerate 1
lifetime 2
beamcharge 3
beamN 4
adczero 5
storage_fitlength 6
u2i 7
life_fitlength 8
}

devtype deamon_text w1t1024,w1t1024 {
cmd 0
res 1
}

devtype controls_info w1d1,w1t1024,w1t1024 {
Emag 0
crew_cheaf 1
agenda 2
}

devtype sounddt w1t100 {
filename 0
}

devtype pwa w1d1,w1d1,w1d1,w1d1,w1d1,w1d1,w1d1,w1d1,w1d1,w1d1,w1d1,w1d1,w1d1,w1d1,w1d1,w1d1,w1d1,w1d1 {
Pr1 0
Pr2 1
Pr3 2
Iph1 3
Iph2 4
Iph3 5
Uph1 6
Uph3 7
Uph2 8
Pa1 9
Pa2 10
Pa3 11
PaFull 12
PrFull 13
PFull 14
cos_fi 15
Etoday 16
Elastday 17
}

devtype vepp2k_info w1i1,w1i1,w1d1,w1d1,w1d1 {
state 0
mode 1
Iele 2
Ipos 3
Ebeam 4
}

devtype k500ctl w1i1,w1i1,w1t1024,w1t4 {
mode 0
ready 1
msg 2
modet 3
}

devtype bep_info w1i1,w1t10,w1i1,w1t20,w1t1024,w1d1,w1d1,w1d1 {
polarity 0
polarityt 1
mode 2
modet 3
msg 4
Ibeam 5
busy 6
offline 7
}

devtype BeamUser w1t2048,w1t2048 {
request 0
answer 1
}

dev ddm ddm/noop ~ -
dev dcct beam_dcct/noop ~ -
dev modectl deamon_text/noop ~ -
dev info controls_info/noop ~ -
dev sounddev sounddt/noop ~ -
dev pwa1 pwa/noop ~ -
dev k500 k500ctl/noop ~ -
dev bep bep_info/noop ~ -
dev vepp2k_info vepp2k_info/noop ~ -
dev vepp4 BeamUser/noop ~ -
dev vepp2k BeamUser/noop ~ -
